app/build/intermediates/manifest_merge_blame_file/debug/manifest-merger-blame-debug-report.txt
1<?xml version="1.0" encoding="utf-8"?>
2<manifest xmlns:android="http://schemas.android.com/apk/res/android"
3    package="com.specknet.pdiotapp"
4    android:versionCode="1"
5    android:versionName="1.0" >
6
7    <uses-sdk
8        android:minSdkVersion="23"
9        android:targetSdkVersion="30" />
10
11    <uses-permission android:name="android.permission.BLUETOOTH" />
11-->src\main\AndroidManifest.xml:4:5-68
11-->src\main\AndroidManifest.xml:4:22-65
12    <uses-permission android:name="android.permission.BLUETOOTH_ADMIN" />
12-->src\main\AndroidManifest.xml:5:5-74
12-->src\main\AndroidManifest.xml:5:22-71
13    <uses-permission android:name="android.permission.ACCESS_FINE_LOCATION" />
13-->src\main\AndroidManifest.xml:6:5-79
13-->src\main\AndroidManifest.xml:6:22-76
14    <uses-permission android:name="android.permission.ACCESS_COARSE_LOCATION" /> <!-- To make app available to BLE-capable devices only -->
14-->src\main\AndroidManifest.xml:7:5-81
14-->src\main\AndroidManifest.xml:7:22-78
15    <uses-permission android:name="android.permission.CAMERA" />
15-->src\main\AndroidManifest.xml:8:5-65
15-->src\main\AndroidManifest.xml:8:22-62
16    <uses-permission android:name="android.permission.READ_EXTERNAL_STORAGE" />
16-->src\main\AndroidManifest.xml:9:5-80
16-->src\main\AndroidManifest.xml:9:22-77
17    <uses-permission android:name="android.permission.WRITE_EXTERNAL_STORAGE" />
17-->src\main\AndroidManifest.xml:10:5-81
17-->src\main\AndroidManifest.xml:10:22-78
18    <uses-permission android:name="android.permission.FOREGROUND_SERVICE" />
18-->src\main\AndroidManifest.xml:11:5-77
18-->src\main\AndroidManifest.xml:11:22-74
19    <uses-permission android:name="android.permission.NFC" />
19-->src\main\AndroidManifest.xml:12:5-62
19-->src\main\AndroidManifest.xml:12:22-59
20
21    <uses-feature
21-->src\main\AndroidManifest.xml:14:5-16:35
22        android:name="android.hardware.bluetooth_le"
22-->src\main\AndroidManifest.xml:15:9-53
23        android:required="true" />
23-->src\main\AndroidManifest.xml:16:9-32
24    <uses-feature android:name="android.hardware.camera" />
24-->src\main\AndroidManifest.xml:17:5-60
24-->src\main\AndroidManifest.xml:17:19-57
25
26    <uses-permission-sdk-23 android:name="android.permission.ACCESS_COARSE_LOCATION" /> <!-- Include required permissions for Google Mobile Ads to run -->
26-->[com.polidea.rxandroidble:rxandroidble:1.2.2] AndroidManifest.xml:14:5-88
26-->[com.polidea.rxandroidble:rxandroidble:1.2.2] AndroidManifest.xml:14:29-85
27    <uses-permission android:name="android.permission.INTERNET" />
27-->[com.google.android.gms:play-services-ads:7.8.0] AndroidManifest.xml:20:5-66
27-->[com.google.android.gms:play-services-ads:7.8.0] AndroidManifest.xml:20:22-64
28    <uses-permission android:name="android.permission.ACCESS_NETWORK_STATE" /> <!-- Permissions required for GCM -->
28-->[com.google.android.gms:play-services-ads:7.8.0] AndroidManifest.xml:21:5-78
28-->[com.google.android.gms:play-services-ads:7.8.0] AndroidManifest.xml:21:22-76
29    <uses-permission android:name="com.google.android.c2dm.permission.RECEIVE" />
29-->[com.google.android.gms:play-services-gcm:7.8.0] AndroidManifest.xml:21:5-82
29-->[com.google.android.gms:play-services-gcm:7.8.0] AndroidManifest.xml:21:22-79
30    <uses-permission android:name="android.permission.GET_ACCOUNTS" />
30-->[com.google.android.gms:play-services-wallet:7.8.0] AndroidManifest.xml:21:5-70
30-->[com.google.android.gms:play-services-wallet:7.8.0] AndroidManifest.xml:21:22-68
31    <uses-permission android:name="android.permission.USE_CREDENTIALS" />
31-->[com.google.android.gms:play-services-wallet:7.8.0] AndroidManifest.xml:22:5-73
31-->[com.google.android.gms:play-services-wallet:7.8.0] AndroidManifest.xml:22:22-71
32
33    <uses-feature
33-->[com.google.android.gms:play-services-maps:7.8.0] AndroidManifest.xml:23:5-25:33
34        android:glEsVersion="0x00020000"
34-->[com.google.android.gms:play-services-maps:7.8.0] AndroidManifest.xml:24:8-40
35        android:required="true" />
35-->[com.google.android.gms:play-services-maps:7.8.0] AndroidManifest.xml:25:8-31
36
37    <application
37-->src\main\AndroidManifest.xml:19:5-128:19
38        android:allowBackup="true"
38-->src\main\AndroidManifest.xml:20:9-35
39        android:appComponentFactory="androidx.core.app.CoreComponentFactory"
39-->[androidx.core:core:1.2.0] AndroidManifest.xml:24:18-86
40        android:debuggable="true"
41        android:extractNativeLibs="false"
42        android:icon="@mipmap/ic_launcher"
42-->src\main\AndroidManifest.xml:21:9-43
43        android:label="@string/app_name"
43-->src\main\AndroidManifest.xml:22:9-41
44        android:roundIcon="@mipmap/ic_launcher_round"
44-->src\main\AndroidManifest.xml:23:9-54
45        android:supportsRtl="true"
45-->src\main\AndroidManifest.xml:24:9-35
46        android:testOnly="true"
47        android:theme="@style/AppTheme" >
47-->src\main\AndroidManifest.xml:25:9-40
48        <service
48-->src\main\AndroidManifest.xml:26:9-29:47
49            android:name="com.specknet.pdiotapp.bluetooth.BluetoothSpeckService"
49-->src\main\AndroidManifest.xml:27:13-60
50            android:enabled="true"
50-->src\main\AndroidManifest.xml:28:13-35
51            android:exported="true" />
51-->src\main\AndroidManifest.xml:29:13-36
52
53        <activity
53-->src\main\AndroidManifest.xml:31:9-49:20
54            android:name="com.specknet.pdiotapp.live.LiveDataActivity"
54-->src\main\AndroidManifest.xml:32:13-50
55            android:screenOrientation="portrait" >
55-->src\main\AndroidManifest.xml:33:13-49
56            <intent-filter>
56-->src\main\AndroidManifest.xml:34:13-36:29
57                <action android:name="com.specknet.respeck.RESPECK_LIVE_BROADCAST" />
57-->src\main\AndroidManifest.xml:35:17-86
57-->src\main\AndroidManifest.xml:35:25-83
58            </intent-filter>
59            <intent-filter>
59-->src\main\AndroidManifest.xml:37:13-39:29
60                <action android:name="com.specknet.respeck.ACTION_RESPECK_LIVE_BROADCAST" />
60-->src\main\AndroidManifest.xml:38:17-93
60-->src\main\AndroidManifest.xml:38:25-90
61            </intent-filter>
62            <intent-filter>
62-->src\main\AndroidManifest.xml:40:13-42:29
63                <action android:name="com.specknet.respeck.ACTION_RESPECK_REHAB_BROADCAST" />
63-->src\main\AndroidManifest.xml:41:17-94
63-->src\main\AndroidManifest.xml:41:25-91
64            </intent-filter>
65            <intent-filter>
65-->src\main\AndroidManifest.xml:43:13-45:29
66                <action android:name="com.specknet.respeck.RESPECK_REHAB_BROADCAST" />
66-->src\main\AndroidManifest.xml:44:17-87
66-->src\main\AndroidManifest.xml:44:25-84
67            </intent-filter>
68            <intent-filter>
68-->src\main\AndroidManifest.xml:46:13-48:29
69                <action android:name="com.specknet.pdiotapp.RESPECK_BROADCAST" />
69-->src\main\AndroidManifest.xml:47:17-82
69-->src\main\AndroidManifest.xml:47:25-79
70            </intent-filter>
71        </activity>
72        <activity
72-->src\main\AndroidManifest.xml:50:9-52:52
73            android:name="com.specknet.pdiotapp.barcode.BarcodeActivity"
73-->src\main\AndroidManifest.xml:51:13-52
74            android:screenOrientation="portrait" />
74-->src\main\AndroidManifest.xml:52:13-49
75        <activity
75-->src\main\AndroidManifest.xml:53:9-62:20
76            android:name="com.specknet.pdiotapp.bluetooth.ConnectingActivity"
76-->src\main\AndroidManifest.xml:54:13-57
77            android:screenOrientation="portrait" >
77-->src\main\AndroidManifest.xml:55:13-49
78            <intent-filter>
78-->src\main\AndroidManifest.xml:56:13-58:29
79                <action android:name="com.specknet.pdiotapp.RESPECK_CONNECTED" />
79-->src\main\AndroidManifest.xml:57:17-82
79-->src\main\AndroidManifest.xml:57:25-79
80            </intent-filter>
81            <intent-filter>
81-->src\main\AndroidManifest.xml:59:13-61:29
82                <action android:name="com.specknet.pdiotapp.RESPECK_DISCONNECTED" />
82-->src\main\AndroidManifest.xml:60:17-85
82-->src\main\AndroidManifest.xml:60:25-82
83            </intent-filter>
84        </activity>
85
86        <service
86-->src\main\AndroidManifest.xml:64:9-71:19
87            android:name="com.specknet.pdiotapp.bluetooth.BluetoothService"
87-->src\main\AndroidManifest.xml:65:13-55
88            android:enabled="true"
88-->src\main\AndroidManifest.xml:66:13-35
89            android:exported="true" >
89-->src\main\AndroidManifest.xml:67:13-36
90            <intent-filter>
90-->src\main\AndroidManifest.xml:68:13-70:29
91                <action android:name="com.specknet.respeckmodeltesting.RESPECK_BROADCAST" />
91-->src\main\AndroidManifest.xml:69:17-93
91-->src\main\AndroidManifest.xml:69:25-90
92            </intent-filter>
93        </service>
94
95        <activity
95-->src\main\AndroidManifest.xml:73:9-75:52
96            android:name="com.specknet.pdiotapp.onboarding.OnBoardingActivity"
96-->src\main\AndroidManifest.xml:74:13-58
97            android:screenOrientation="portrait" />
97-->src\main\AndroidManifest.xml:75:13-49
98        <activity
98-->src\main\AndroidManifest.xml:76:9-78:52
99            android:name="com.specknet.pdiotapp.RecordingActivity"
99-->src\main\AndroidManifest.xml:77:13-46
100            android:screenOrientation="portrait" />
100-->src\main\AndroidManifest.xml:78:13-49
101        <activity
101-->src\main\AndroidManifest.xml:79:9-81:52
102            android:name="com.specknet.pdiotapp.prediction.PredictionActivity"
102-->src\main\AndroidManifest.xml:80:13-58
103            android:screenOrientation="portrait" />
103-->src\main\AndroidManifest.xml:81:13-49
104        <activity
104-->src\main\AndroidManifest.xml:83:9-97:20
105            android:name="com.specknet.pdiotapp.login.LoginActivity"
105-->src\main\AndroidManifest.xml:84:13-48
106            android:screenOrientation="portrait" >
106-->src\main\AndroidManifest.xml:85:13-49
107            <intent-filter>
107-->src\main\AndroidManifest.xml:86:13-90:29
108                <action android:name="android.intent.action.MAIN" />
108-->src\main\AndroidManifest.xml:87:17-69
108-->src\main\AndroidManifest.xml:87:25-66
109
110                <category android:name="android.intent.category.LAUNCHER" />
110-->src\main\AndroidManifest.xml:89:17-77
110-->src\main\AndroidManifest.xml:89:27-74
111            </intent-filter>
112            <intent-filter>
112-->src\main\AndroidManifest.xml:91:13-93:29
113                <action android:name="com.specknet.respeckmodeltesting.RESPECK_CONNECTED" />
113-->src\main\AndroidManifest.xml:92:17-93
113-->src\main\AndroidManifest.xml:92:25-90
114            </intent-filter>
115            <intent-filter>
115-->src\main\AndroidManifest.xml:94:13-96:29
116                <action android:name="com.specknet.respeckmodeltesting.RESPECK_DISCONNECTED" />
116-->src\main\AndroidManifest.xml:95:17-96
116-->src\main\AndroidManifest.xml:95:25-93
117            </intent-filter>
118        </activity>
119        <activity
119-->src\main\AndroidManifest.xml:98:9-100:52
120            android:name="com.specknet.pdiotapp.MainActivity"
120-->src\main\AndroidManifest.xml:99:13-41
121            android:screenOrientation="portrait" />
121-->src\main\AndroidManifest.xml:100:13-49
122
123        <!-- <activity -->
124        <!-- android:name=".MainActivity" -->
125        <!-- android:screenOrientation="portrait"> -->
126        <!-- <intent-filter> -->
127        <!-- <action android:name="android.intent.action.MAIN" /> -->
128
129
130        <!-- <category android:name="android.intent.category.LAUNCHER" /> -->
131        <!-- </intent-filter> -->
132        <!-- <intent-filter> -->
133        <!-- <action android:name="com.specknet.respeckmodeltesting.RESPECK_CONNECTED" /> -->
134        <!-- </intent-filter> -->
135        <!-- <intent-filter> -->
136        <!-- <action android:name="com.specknet.respeckmodeltesting.RESPECK_DISCONNECTED" /> -->
137        <!-- </intent-filter> -->
138        <!-- </activity> -->
139        <!-- <activity -->
140        <!-- android:name=".login.LoginActivity" -->
141        <!-- android:screenOrientation="portrait" /> -->
142
143        <activity
143-->src\main\AndroidManifest.xml:121:9-123:52
144            android:name="com.specknet.pdiotapp.login.RegisterActivity"
144-->src\main\AndroidManifest.xml:122:13-51
145            android:screenOrientation="portrait" />
145-->src\main\AndroidManifest.xml:123:13-49
146        <activity
146-->src\main\AndroidManifest.xml:125:9-127:52
147            android:name="com.specknet.pdiotapp.login.ForgetPasswordActivity"
147-->src\main\AndroidManifest.xml:126:13-57
148            android:screenOrientation="portrait" />
148-->src\main\AndroidManifest.xml:127:13-49
149
150        <provider
150-->[androidx.lifecycle:lifecycle-process:2.1.0] AndroidManifest.xml:23:9-27:43
151            android:name="androidx.lifecycle.ProcessLifecycleOwnerInitializer"
151-->[androidx.lifecycle:lifecycle-process:2.1.0] AndroidManifest.xml:24:13-79
152            android:authorities="com.specknet.pdiotapp.lifecycle-process"
152-->[androidx.lifecycle:lifecycle-process:2.1.0] AndroidManifest.xml:25:13-69
153            android:exported="false"
153-->[androidx.lifecycle:lifecycle-process:2.1.0] AndroidManifest.xml:26:13-37
154            android:multiprocess="true" /> <!-- Include the AdActivity and InAppPurchaseActivity configChanges and themes. -->
154-->[androidx.lifecycle:lifecycle-process:2.1.0] AndroidManifest.xml:27:13-40
155        <activity
155-->[com.google.android.gms:play-services-ads:7.8.0] AndroidManifest.xml:26:9-29:64
156            android:name="com.google.android.gms.ads.AdActivity"
156-->[com.google.android.gms:play-services-ads:7.8.0] AndroidManifest.xml:27:13-65
157            android:configChanges="keyboard|keyboardHidden|orientation|screenLayout|uiMode|screenSize|smallestScreenSize"
157-->[com.google.android.gms:play-services-ads:7.8.0] AndroidManifest.xml:28:13-122
158            android:theme="@android:style/Theme.Translucent" />
158-->[com.google.android.gms:play-services-ads:7.8.0] AndroidManifest.xml:29:13-61
159        <activity
159-->[com.google.android.gms:play-services-ads:7.8.0] AndroidManifest.xml:30:9-31:52
160            android:name="com.google.android.gms.ads.purchase.InAppPurchaseActivity"
160-->[com.google.android.gms:play-services-ads:7.8.0] AndroidManifest.xml:30:19-91
161            android:theme="@style/Theme.IAPTheme" />
161-->[com.google.android.gms:play-services-ads:7.8.0] AndroidManifest.xml:31:13-50
162        <activity
162-->[com.google.android.gms:play-services-base:17.0.0] AndroidManifest.xml:23:9-26:75
163            android:name="com.google.android.gms.common.api.GoogleApiActivity"
163-->[com.google.android.gms:play-services-base:17.0.0] AndroidManifest.xml:24:13-79
164            android:exported="false"
164-->[com.google.android.gms:play-services-base:17.0.0] AndroidManifest.xml:25:13-37
165            android:theme="@android:style/Theme.Translucent.NoTitleBar" />
165-->[com.google.android.gms:play-services-base:17.0.0] AndroidManifest.xml:26:13-72
166
167        <meta-data
167-->[com.google.android.gms:play-services-basement:17.0.0] AndroidManifest.xml:23:9-25:69
168            android:name="com.google.android.gms.version"
168-->[com.google.android.gms:play-services-basement:17.0.0] AndroidManifest.xml:24:13-58
169            android:value="@integer/google_play_services_version" />
169-->[com.google.android.gms:play-services-basement:17.0.0] AndroidManifest.xml:25:13-66
170    </application>
171
172</manifest>